<?xml version="1.0" encoding="UTF-8"?>
<!-- Generated by org.testng.reporters.JUnitReportReporter -->
<testsuite skipped="0" hostname="MacBook-Air-6.local" name="com.btes.marketing.Testcaseslogin" tests="1" failures="0" timestamp="2019-10-11T11:34:12 IST" time="0.011" errors="0">
  <testcase name="add" time="0.011" classname="com.btes.marketing.Testcaseslogin"/>
</testsuite> <!-- com.btes.marketing.Testcaseslogin -->
